<?xml version="1.0" encoding="UTF-8"?>
<!-- Generated by org.testng.reporters.JUnitReportReporter -->
<testsuite hostname="LAPTOP-6FDVRGR3" failures="0" tests="1" name="genericlib.endtoend" time="5.829" errors="0" timestamp="2024-05-14T20:59:56 IST" skipped="0">
  <testcase classname="genericlib.endtoend" name="end" time="5.829"/>
  <system-out>
    <![CDATA[testing end to end
jwellery clicked
added to cart]]>
  </system-out>
</testsuite> <!-- genericlib.endtoend -->
