<?xml version="1.0" encoding="UTF-8"?>
<!-- Generated by org.testng.reporters.JUnitReportReporter -->
<testsuite hostname="LAPTOP-6FDVRGR3" failures="0" tests="1" name="Assertion.LearningSoftassert" time="8.000" errors="0" timestamp="2024-05-22T21:04:29 IST" skipped="0">
  <testcase classname="Assertion.LearningSoftassert" name="script" time="8.000"/>
  <system-out/>
</testsuite> <!-- Assertion.LearningSoftassert -->
