<?xml version="1.0" encoding="UTF-8"?>
<!-- Generated by org.testng.reporters.JUnitReportReporter -->
<testsuite hostname="LAPTOP-6FDVRGR3" failures="0" tests="1" name="batchexecution.launchzomato" time="6.006" errors="0" timestamp="2024-05-15T20:26:36 IST" skipped="0">
  <testcase classname="batchexecution.launchzomato" name="zomato" time="6.006"/>
  <system-out/>
</testsuite> <!-- batchexecution.launchzomato -->
