<?xml version="1.0" encoding="UTF-8"?>
<!-- Generated by org.testng.reporters.JUnitReportReporter -->
<testsuite hostname="LAPTOP-6FDVRGR3" failures="0" tests="1" name="genericlib.functional" time="3.314" errors="0" timestamp="2024-05-14T20:59:56 IST" skipped="0">
  <testcase classname="genericlib.functional" name="computer" time="3.314"/>
  <system-out>
    <![CDATA[computer checking
computer clicked]]>
  </system-out>
</testsuite> <!-- genericlib.functional -->
