<?xml version="1.0" encoding="UTF-8"?>
<!-- Generated by org.testng.reporters.JUnitReportReporter -->
<testsuite hostname="LAPTOP-6FDVRGR3" failures="0" tests="1" name="report.script11" time="6.802" errors="0" timestamp="2024-05-31T21:19:14 IST" skipped="0">
  <testcase classname="report.script11" name="script" time="6.802"/>
  <system-out/>
</testsuite> <!-- report.script11 -->
