<?xml version="1.0" encoding="UTF-8"?>
<!-- Generated by org.testng.reporters.JUnitReportReporter -->
<testsuite hostname="LAPTOP-6FDVRGR3" failures="0" tests="1" name="ecom.lademo" time="8.574" errors="0" timestamp="2024-05-27T21:05:56 IST" skipped="0">
  <testcase classname="ecom.lademo" name="inteedemo" time="8.574"/>
  <system-out>
    <![CDATA[window is max
demoshop launched]]>
  </system-out>
</testsuite> <!-- ecom.lademo -->
