<?xml version="1.0" encoding="UTF-8"?>
<!-- Generated by org.testng.reporters.JUnitReportReporter -->
<testsuite hostname="LAPTOP-6FDVRGR3" failures="0" tests="1" name="genericlib.learningcrossbrowser" time="10.331" errors="0" timestamp="2024-05-16T20:05:35 IST" skipped="0">
  <testcase classname="genericlib.learningcrossbrowser" name="launchbrowser" time="10.331"/>
  <system-out>
    <![CDATA[window is max]]>
  </system-out>
</testsuite> <!-- genericlib.learningcrossbrowser -->
