<?xml version="1.0" encoding="UTF-8"?>
<!-- Generated by org.testng.reporters.JUnitReportReporter -->
<testsuite hostname="LAPTOP-6FDVRGR3" failures="0" tests="1" name="genericlib.integration" time="4.654" errors="0" timestamp="2024-05-14T20:59:56 IST" skipped="0">
  <testcase classname="genericlib.integration" name="integrate" time="4.654"/>
  <system-out>
    <![CDATA[integration
youtube opened]]>
  </system-out>
</testsuite> <!-- genericlib.integration -->
