<?xml version="1.0" encoding="UTF-8"?>
<!-- Generated by org.testng.reporters.JUnitReportReporter -->
<testsuite hostname="LAPTOP-6FDVRGR3" failures="0" tests="1" name="helpingattributes.timeout" time="13.650" errors="0" timestamp="2024-05-11T20:46:07 IST" skipped="0">
  <testcase classname="helpingattributes.timeout" name="launch" time="13.650"/>
  <system-out/>
</testsuite> <!-- helpingattributes.timeout -->
