<?xml version="1.0" encoding="UTF-8"?>
<!-- Generated by org.testng.reporters.JUnitReportReporter -->
<testsuite hostname="LAPTOP-6FDVRGR3" failures="0" tests="1" name="framework.flipkartc" time="5.827" errors="0" timestamp="2024-04-30T20:03:28 IST" skipped="0">
  <testcase classname="framework.flipkartc" name="flip" time="5.827"/>
  <system-out/>
</testsuite> <!-- framework.flipkartc -->
