<?xml version="1.0" encoding="UTF-8"?>
<!-- Generated by org.testng.reporters.JUnitReportReporter -->
<testsuite hostname="LAPTOP-6FDVRGR3" failures="0" tests="1" name="ecom.functional_Test" time="6.921" errors="0" timestamp="2024-05-28T19:16:49 IST" skipped="0">
  <testcase classname="ecom.functional_Test" name="integration" time="6.921"/>
  <system-out>
    <![CDATA[window is max
integration
youtube opened]]>
  </system-out>
</testsuite> <!-- ecom.functional_Test -->
