<?xml version="1.0" encoding="UTF-8"?>
<!-- Generated by org.testng.reporters.JUnitReportReporter -->
<testsuite hostname="LAPTOP-6FDVRGR3" failures="0" tests="1" name="ecom.demowebshop" time="10.868" errors="0" timestamp="2024-05-27T20:59:52 IST" skipped="0">
  <testcase classname="ecom.demowebshop" name="launchdemo" time="10.868"/>
  <system-out>
    <![CDATA[window is max
demoshop launched]]>
  </system-out>
</testsuite> <!-- ecom.demowebshop -->
