<?xml version="1.0" encoding="UTF-8"?>
<!-- Generated by org.testng.reporters.JUnitReportReporter -->
<testsuite hostname="LAPTOP-6FDVRGR3" failures="0" tests="1" name="POMT.mainScript" time="3.295" errors="0" timestamp="2024-05-24T20:24:50 IST" skipped="0">
  <testcase classname="POMT.mainScript" name="launch" time="3.295"/>
  <system-out/>
</testsuite> <!-- POMT.mainScript -->
