<?xml version="1.0" encoding="UTF-8"?>
<!-- Generated by org.testng.reporters.JUnitReportReporter -->
<testsuite hostname="LAPTOP-6FDVRGR3" failures="0" tests="1" name="POMT.script2" time="3.007" errors="0" timestamp="2024-05-24T20:53:51 IST" skipped="0">
  <testcase classname="POMT.script2" name="mainscrip" time="3.007"/>
  <system-out/>
</testsuite> <!-- POMT.script2 -->
