<?xml version="1.0" encoding="UTF-8"?>
<!-- Generated by org.testng.reporters.JUnitReportReporter -->
<testsuite hostname="LAPTOP-6FDVRGR3" failures="0" tests="1" name="popups.alertpopup" time="4.928" errors="0" timestamp="2024-05-02T19:16:51 IST" skipped="0">
  <testcase classname="popups.alertpopup" name="alert" time="4.928"/>
  <system-out/>
</testsuite> <!-- popups.alertpopup -->
