<?xml version="1.0" encoding="UTF-8"?>
<!-- Generated by org.testng.reporters.JUnitReportReporter -->
<testsuite hostname="LAPTOP-6FDVRGR3" failures="0" tests="1" name="batchexecution.launchloreal" time="7.233" errors="0" timestamp="2024-05-15T20:26:36 IST" skipped="0">
  <testcase classname="batchexecution.launchloreal" name="loreal" time="7.233"/>
  <system-out/>
</testsuite> <!-- batchexecution.launchloreal -->
