<?xml version="1.0" encoding="UTF-8"?>
<!-- Generated by org.testng.reporters.JUnitReportReporter -->
<testsuite hostname="LAPTOP-6FDVRGR3" failures="0" tests="1" name="framework.screenshot" time="4.170" errors="0" timestamp="2024-05-02T20:40:46 IST" skipped="0">
  <testcase classname="framework.screenshot" name="screen" time="4.170"/>
  <system-out/>
</testsuite> <!-- framework.screenshot -->
