<?xml version="1.0" encoding="UTF-8"?>
<!-- Generated by org.testng.reporters.JUnitReportReporter -->
<testsuite hostname="LAPTOP-6FDVRGR3" failures="0" tests="1" name="beauty.launchingnyka" time="18.230" errors="0" timestamp="2024-05-27T20:51:06 IST" skipped="0">
  <testcase classname="beauty.launchingnyka" name="nykaa" time="18.230"/>
  <system-out/>
</testsuite> <!-- beauty.launchingnyka -->
