<?xml version="1.0" encoding="UTF-8"?>
<!-- Generated by org.testng.reporters.JUnitReportReporter -->
<testsuite hostname="LAPTOP-6FDVRGR3" failures="0" tests="1" name="batchexecution.launchlakme" time="11.432" errors="0" timestamp="2024-05-15T20:26:36 IST" skipped="0">
  <testcase classname="batchexecution.launchlakme" name="lakme" time="11.432"/>
  <system-out/>
</testsuite> <!-- batchexecution.launchlakme -->
