<?xml version="1.0" encoding="UTF-8"?>
<!-- Generated by org.testng.reporters.JUnitReportReporter -->
<testsuite hostname="LAPTOP-6FDVRGR3" failures="0" tests="1" name="food.launchkfc" time="5.156" errors="0" timestamp="2024-05-27T21:03:19 IST" skipped="0">
  <testcase classname="food.launchkfc" name="launchingkfc" time="5.156"/>
  <system-out>
    <![CDATA[window is max
demoshop launched]]>
  </system-out>
</testsuite> <!-- food.launchkfc -->
