<?xml version="1.0" encoding="UTF-8"?>
<!-- Generated by org.testng.reporters.JUnitReportReporter -->
<testsuite hostname="LAPTOP-6FDVRGR3" failures="0" tests="1" name="batchexecution.launchswiggy" time="8.986" errors="0" timestamp="2024-05-15T20:26:36 IST" skipped="0">
  <testcase classname="batchexecution.launchswiggy" name="swiggy" time="8.986"/>
  <system-out/>
</testsuite> <!-- batchexecution.launchswiggy -->
