<?xml version="1.0" encoding="UTF-8"?>
<!-- Generated by org.testng.reporters.JUnitReportReporter -->
<testsuite hostname="LAPTOP-6FDVRGR3" failures="0" tests="1" name="beauty.launchingsugar" time="14.054" errors="0" timestamp="2024-05-27T20:53:47 IST" skipped="0">
  <testcase classname="beauty.launchingsugar" name="sugar" time="14.054"/>
  <system-out/>
</testsuite> <!-- beauty.launchingsugar -->
