<?xml version="1.0" encoding="UTF-8"?>
<!-- Generated by org.testng.reporters.JUnitReportReporter -->
<testsuite hostname="LAPTOP-6FDVRGR3" failures="0" tests="3" name="helpingattributes.invocation" time="61.263" errors="0" timestamp="2024-05-11T19:54:12 IST" skipped="0">
  <testcase classname="helpingattributes.invocation" name="launch" time="44.234"/>
  <system-out/>
  <testcase classname="helpingattributes.invocation" name="launch" time="6.216"/>
  <system-out/>
  <testcase classname="helpingattributes.invocation" name="launch" time="10.813"/>
  <system-out/>
</testsuite> <!-- helpingattributes.invocation -->
