<?xml version="1.0" encoding="UTF-8"?>
<!-- Generated by org.testng.reporters.JUnitReportReporter -->
<testsuite hostname="LAPTOP-6FDVRGR3" failures="0" tests="1" name="report.Script02" time="12.391" errors="0" timestamp="2024-06-01T19:53:06 IST" skipped="0">
  <testcase classname="report.Script02" name="script2" time="12.391"/>
  <system-out/>
</testsuite> <!-- report.Script02 -->
