<?xml version="1.0" encoding="UTF-8"?>
<!-- Generated by org.testng.reporters.JUnitReportReporter -->
<testsuite hostname="LAPTOP-6FDVRGR3" failures="0" tests="3" name="helpingattributes.dependsmethod" time="0.013" errors="0" timestamp="2024-05-11T20:43:02 IST" skipped="0">
  <testcase classname="helpingattributes.dependsmethod" name="Logout" time="0.001"/>
  <system-out>
    <![CDATA[user has logout]]>
  </system-out>
  <testcase classname="helpingattributes.dependsmethod" name="Login" time="0.011"/>
  <system-out>
    <![CDATA[user is logging in]]>
  </system-out>
  <testcase classname="helpingattributes.dependsmethod" name="Addcart" time="0.001"/>
  <system-out>
    <![CDATA[user add product to cart]]>
  </system-out>
</testsuite> <!-- helpingattributes.dependsmethod -->
