<?xml version="1.0" encoding="UTF-8"?>
<!-- Generated by org.testng.reporters.JUnitReportReporter -->
<testsuite hostname="LAPTOP-6FDVRGR3" failures="0" tests="5" name="helpingattributes.laerningpriority" time="0.012" errors="0" timestamp="2024-05-11T20:42:27 IST" skipped="0">
  <testcase classname="helpingattributes.laerningpriority" name="Login" time="0.008"/>
  <system-out>
    <![CDATA[user is logging in]]>
  </system-out>
  <testcase classname="helpingattributes.laerningpriority" name="Addcart" time="0.001"/>
  <system-out>
    <![CDATA[user add product to cart]]>
  </system-out>
  <testcase classname="helpingattributes.laerningpriority" name="Addcart" time="0.001"/>
  <system-out>
    <![CDATA[user add product to cart]]>
  </system-out>
  <testcase classname="helpingattributes.laerningpriority" name="Addcart" time="0.001"/>
  <system-out>
    <![CDATA[user add product to cart]]>
  </system-out>
  <testcase classname="helpingattributes.laerningpriority" name="Logout" time="0.001"/>
  <system-out>
    <![CDATA[user has logout]]>
  </system-out>
</testsuite> <!-- helpingattributes.laerningpriority -->
