<?xml version="1.0" encoding="UTF-8"?>
<!-- Generated by org.testng.reporters.JUnitReportReporter -->
<testsuite hostname="LAPTOP-6FDVRGR3" failures="0" tests="3" name="framework.Testngex" time="0.010" errors="0" timestamp="2024-04-26T20:02:03 IST" skipped="0">
  <testcase classname="framework.Testngex" name="deleteContact" time="0.001"/>
  <system-out/>
  <testcase classname="framework.Testngex" name="modifyContact" time="0.001"/>
  <system-out/>
  <testcase classname="framework.Testngex" name="createContact" time="0.008"/>
  <system-out/>
</testsuite> <!-- framework.Testngex -->
