<?xml version="1.0" encoding="UTF-8"?>
<!-- Generated by org.testng.reporters.JUnitReportReporter -->
<testsuite hostname="LAPTOP-6FDVRGR3" failures="0" tests="2" name="DDT.LearningDataProvider" time="0.008" errors="0" timestamp="2024-05-17T21:04:32 IST" skipped="0">
  <testcase classname="DDT.LearningDataProvider" name="demo" time="0.007"/>
  <system-out/>
  <testcase classname="DDT.LearningDataProvider" name="demo" time="0.001"/>
  <system-out/>
</testsuite> <!-- DDT.LearningDataProvider -->
