<?xml version="1.0" encoding="UTF-8"?>
<!-- Generated by org.testng.reporters.JUnitReportReporter -->
<testsuite hostname="LAPTOP-6FDVRGR3" failures="0" tests="1" name="genericlib.mainscript" time="5.709" errors="0" timestamp="2024-05-14T20:59:56 IST" skipped="0">
  <testcase classname="genericlib.mainscript" name="script" time="5.709"/>
  <system-out>
    <![CDATA[main script
books checked]]>
  </system-out>
</testsuite> <!-- genericlib.mainscript -->
