<?xml version="1.0" encoding="UTF-8"?>
<!-- Generated by org.testng.reporters.JUnitReportReporter -->
<testsuite hostname="LAPTOP-6FDVRGR3" failures="0" tests="1" name="beauty.Launchingsugar_Test" time="8.042" errors="0" timestamp="2024-05-30T19:57:05 IST" skipped="0">
  <testcase classname="beauty.Launchingsugar_Test" name="sugar" time="8.042"/>
</testsuite> <!-- beauty.Launchingsugar_Test -->
