<?xml version="1.0" encoding="UTF-8"?>
<!-- Generated by org.testng.reporters.JUnitReportReporter -->
<testsuite hostname="LAPTOP-6FDVRGR3" failures="0" tests="1" name="food.Launchkfc_Test" time="4.462" errors="0" timestamp="2024-05-30T19:37:38 IST" skipped="0">
  <testcase classname="food.Launchkfc_Test" name="launchingkfc" time="4.462">
    <system-out>
      <![CDATA[window is max]]>
    </system-out>
  </testcase> <!-- launchingkfc -->
  <system-out>
    <![CDATA[window is max]]>
  </system-out>
</testsuite> <!-- food.Launchkfc_Test -->
