<?xml version="1.0" encoding="UTF-8"?>
<!-- Generated by org.testng.reporters.JUnitReportReporter -->
<testsuite hostname="LAPTOP-6FDVRGR3" failures="0" tests="1" name="beauty.Launchinloreal_Test" time="10.908" errors="0" timestamp="2024-05-30T20:06:36 IST" skipped="0">
  <testcase classname="beauty.Launchinloreal_Test" name="loreal" time="10.908"/>
</testsuite> <!-- beauty.Launchinloreal_Test -->
