<?xml version="1.0" encoding="UTF-8"?>
<!-- Generated by org.testng.reporters.JUnitReportReporter -->
<testsuite hostname="LAPTOP-6FDVRGR3" failures="0" tests="1" name="ecom.Demowebshop_Test" time="9.429" errors="0" timestamp="2024-05-30T19:22:43 IST" skipped="0">
  <testcase classname="ecom.Demowebshop_Test" name="launchdemo" time="9.429">
    <system-out>
      <![CDATA[its start executed
window is max
demoshop launched
its succes]]>
    </system-out>
  </testcase> <!-- launchdemo -->
  <system-out>
    <![CDATA[its start executed
its succes
its start executed
its succes
its start executed
its succes
its start executed
window is max
demoshop launched
its succes
its start executed
window is max
integration
youtube opened
its succes
its start executed
window is max
demoshop launched
its succes
its start executed
window is max
its succes
its start executed
its succes
its start executed
its succes
its start executed
its succes
its start executed
its succes]]>
  </system-out>
</testsuite> <!-- ecom.Demowebshop_Test -->
