<?xml version="1.0" encoding="UTF-8"?>
<!-- Generated by org.testng.reporters.JUnitReportReporter -->
<testsuite hostname="LAPTOP-6FDVRGR3" failures="0" tests="1" name="beauty.Launchingnyka_Test" time="4.886" errors="0" timestamp="2024-05-30T19:57:05 IST" skipped="0">
  <testcase classname="beauty.Launchingnyka_Test" name="nykaa" time="4.886"/>
</testsuite> <!-- beauty.Launchingnyka_Test -->
